<beans xmlns="http://www.springframework.org/schema/beans"
	xmlns:mvc="http://www.springframework.org/schema/mvc"
	xmlns:tx="http://www.springframework.org/schema/tx" 
	xmlns:context="http://www.springframework.org/schema/context"
	xmlns:xsi="http://www.w3.org/2001/XMLSchema-instance"
	xsi:schemaLocation="http://www.springframework.org/schema/beans
	http://www.springframework.org/schema/beans/spring-beans-4.1.xsd
	http://www.springframework.org/schema/mvc
	http://www.springframework.org/schema/mvc/spring-mvc-4.1.xsd
	http://www.springframework.org/schema/tx
	http://www.springframework.org/schema/tx/spring-tx-4.1.xsd
	http://www.springframework.org/schema/context
	http://www.springframework.org/schema/context/spring-context-4.1.xsd">
	<!-- Base Components -->
	<context:annotation-config />
	<context:component-scan base-package="com.happystudio.testzilla" />

	<!-- Enable @Controller annotation support -->
	<mvc:annotation-driven />

	<!-- Map simple view name such as "test" into /WEB-INF/test.jsp -->
	<bean
		class="org.springframework.web.servlet.view.InternalResourceViewResolver">
		<property name="prefix">
			<value>/WEB-INF/views/</value>
		</property>
		<property name="suffix">
			<value>.jsp</value>
		</property>
	</bean>

	<!-- JDBC Data Source. It is assumed you have MySQL running on localhost 
		port 3306 with username root and blank password. Change below if it's not 
		the case -->
	<bean id="testzillaDataSource" class="com.alibaba.druid.pool.DruidDataSource"
		init-method="init" destroy-method="close">
		<property name="driverClassName" value="com.mysql.jdbc.Driver" />
		<property name="url" value="jdbc:mysql://127.0.0.1:3306/test?characterEncoding=UTF-8" />
		<property name="username" value="root" />
		<property name="password" value="" />
		<property name="validationQuery" value="SELECT 1" />
	</bean>

	<!-- Hibernate Session Factory -->
	<bean id="testzillaSessionFactory"
		class="org.springframework.orm.hibernate4.LocalSessionFactoryBean">
		<property name="dataSource" ref="testzillaDataSource" />
		<property name="packagesToScan">
			<array>
				<value>com.happystudio.testzilla.model</value>
			</array>
		</property>
		<property name="hibernateProperties">
			<value>
				hibernate.dialect=org.hibernate.dialect.MySQLDialect
			</value>
		</property>
	</bean>

	<!-- Hibernate Transaction Manager -->
	<bean id="transactionManager"
		class="org.springframework.orm.hibernate4.HibernateTransactionManager">
		<property name="sessionFactory" ref="testzillaSessionFactory" />
	</bean>

	<!-- Activates annotation based transaction management -->
	<tx:annotation-driven transaction-manager="transactionManager" />
	
	<!-- MailGun.org Authentication -->
	<bean id="mailSender"
		class="com.happystudio.testzilla.util.MailSender">
		<property name="smtpHost" value="smtp.mailgun.org" />
		<property name="smtpUsername" value="postmaster@testzilla.org" />
		<property name="smtpPassword" value="" />
	</bean>
</beans>